<?xml version="1.0" encoding="UTF-8"?>
<!-- Generated by org.testng.reporters.JUnitReportReporter -->
<testsuite hostname="DAL7NXA" name="testrunner.RunCukesTest" tests="1" failures="0" timestamp="29 Sep 2016 18:21:09 GMT" time="36.102" errors="0">
  <testcase name="feature" time="36.102" classname="testrunner.RunCukesTest"/>
</testsuite> <!-- testrunner.RunCukesTest -->
