<?xml version="1.0" encoding="UTF-8"?>
<!-- Generated by org.testng.reporters.JUnitReportReporter -->
<testsuite hostname="DAL7NXA" name="cc.automation.framework.CCAutomation.Test_Script" tests="1" failures="0" timestamp="6 Sep 2016 16:04:36 GMT" time="31.261" errors="0">
  <testcase name="exampleTest" time="31.261" classname="cc.automation.framework.CCAutomation.Test_Script"/>
</testsuite> <!-- cc.automation.framework.CCAutomation.Test_Script -->
